{"level":"DEBUG","location":"[get_call:159] fyersModel","message":{"Status Code":200,"API":"/profile"},"timestamp":"2026-04-01 10:41:12,679-0400","service":"FyersAPIRequest"}
{"level":"DEBUG","location":"[get_call:159] fyersModel","message":{"Status Code":200,"API":"/quotes"},"timestamp":"2026-04-01 10:41:15,598-0400","service":"FyersAPIRequest"}
{"level":"DEBUG","location":"[get_call:159] fyersModel","message":{"Status Code":200,"API":"/funds"},"timestamp":"2026-04-01 10:41:15,639-0400","service":"FyersAPIRequest"}
{"level":"DEBUG","location":"[get_call:159] fyersModel","message":{"Status Code":200,"API":"/positions"},"timestamp":"2026-04-01 10:41:15,665-0400","service":"FyersAPIRequest"}
{"level":"DEBUG","location":"[get_call:159] fyersModel","message":{"Status Code":200,"API":"/quotes"},"timestamp":"2026-04-01 10:41:29,725-0400","service":"FyersAPIRequest"}
{"level":"DEBUG","location":"[get_call:159] fyersModel","message":{"Status Code":200,"API":"/quotes"},"timestamp":"2026-04-01 10:41:35,237-0400","service":"FyersAPIRequest"}
{"level":"DEBUG","location":"[get_call:159] fyersModel","message":{"Status Code":200,"API":"/quotes"},"timestamp":"2026-04-01 10:41:45,363-0400","service":"FyersAPIRequest"}
{"level":"DEBUG","location":"[get_call:159] fyersModel","message":{"Status Code":200,"API":"/history"},"timestamp":"2026-04-01 10:42:07,453-0400","service":"FyersAPIRequest"}
{"level":"DEBUG","location":"[get_call:159] fyersModel","message":{"Status Code":200,"API":"/quotes"},"timestamp":"2026-04-01 10:42:15,647-0400","service":"FyersAPIRequest"}
{"level":"DEBUG","location":"[get_call:159] fyersModel","message":{"Status Code":200,"API":"/quotes"},"timestamp":"2026-04-01 10:42:45,835-0400","service":"FyersAPIRequest"}
{"level":"DEBUG","location":"[get_call:159] fyersModel","message":{"Status Code":200,"API":"/quotes"},"timestamp":"2026-04-01 10:43:15,535-0400","service":"FyersAPIRequest"}
{"level":"DEBUG","location":"[get_call:159] fyersModel","message":{"Status Code":200,"API":"/quotes"},"timestamp":"2026-04-01 10:43:45,857-0400","service":"FyersAPIRequest"}
{"level":"DEBUG","location":"[get_call:159] fyersModel","message":{"Status Code":200,"API":"/quotes"},"timestamp":"2026-04-01 10:44:16,111-0400","service":"FyersAPIRequest"}
{"level":"DEBUG","location":"[get_call:159] fyersModel","message":{"Status Code":200,"API":"/positions"},"timestamp":"2026-04-01 20:16:45,465-0400","service":"FyersAPIRequest"}
{"level":"DEBUG","location":"[get_call:159] fyersModel","message":{"Status Code":200,"API":"/quotes"},"timestamp":"2026-04-01 20:16:45,489-0400","service":"FyersAPIRequest"}
{"level":"DEBUG","location":"[get_call:159] fyersModel","message":{"Status Code":200,"API":"/funds"},"timestamp":"2026-04-01 20:16:45,877-0400","service":"FyersAPIRequest"}
{"level":"DEBUG","location":"[get_call:159] fyersModel","message":{"Status Code":200,"API":"/quotes"},"timestamp":"2026-04-01 20:16:46,269-0400","service":"FyersAPIRequest"}
{"level":"DEBUG","location":"[get_call:159] fyersModel","message":{"Status Code":200,"API":"/positions"},"timestamp":"2026-04-01 20:16:54,097-0400","service":"FyersAPIRequest"}
{"level":"DEBUG","location":"[get_call:159] fyersModel","message":{"Status Code":200,"API":"/funds"},"timestamp":"2026-04-01 20:16:54,147-0400","service":"FyersAPIRequest"}
{"level":"DEBUG","location":"[get_call:159] fyersModel","message":{"Status Code":200,"API":"/quotes"},"timestamp":"2026-04-01 20:16:54,181-0400","service":"FyersAPIRequest"}
{"level":"DEBUG","location":"[get_call:159] fyersModel","message":{"Status Code":200,"API":"/quotes"},"timestamp":"2026-04-01 20:17:15,445-0400","service":"FyersAPIRequest"}
{"level":"DEBUG","location":"[get_call:159] fyersModel","message":{"Status Code":200,"API":"/quotes"},"timestamp":"2026-04-01 20:17:23,994-0400","service":"FyersAPIRequest"}
{"level":"DEBUG","location":"[get_call:159] fyersModel","message":{"Status Code":200,"API":"/quotes"},"timestamp":"2026-04-01 20:17:34,343-0400","service":"FyersAPIRequest"}
{"level":"DEBUG","location":"[get_call:159] fyersModel","message":{"Status Code":200,"API":"/quotes"},"timestamp":"2026-04-01 20:17:54,406-0400","service":"FyersAPIRequest"}
{"level":"DEBUG","location":"[get_call:159] fyersModel","message":{"Status Code":200,"API":"/quotes"},"timestamp":"2026-04-01 20:18:23,870-0400","service":"FyersAPIRequest"}
{"level":"DEBUG","location":"[get_call:159] fyersModel","message":{"Status Code":200,"API":"/history"},"timestamp":"2026-04-01 20:18:25,055-0400","service":"FyersAPIRequest"}
{"level":"DEBUG","location":"[get_call:159] fyersModel","message":{"Status Code":200,"API":"/quotes"},"timestamp":"2026-04-01 20:18:41,430-0400","service":"FyersAPIRequest"}
{"level":"DEBUG","location":"[get_call:159] fyersModel","message":{"Status Code":200,"API":"/quotes"},"timestamp":"2026-04-01 20:18:54,446-0400","service":"FyersAPIRequest"}
{"level":"DEBUG","location":"[get_call:159] fyersModel","message":{"Status Code":200,"API":"/quotes"},"timestamp":"2026-04-01 20:19:24,511-0400","service":"FyersAPIRequest"}
{"level":"DEBUG","location":"[get_call:159] fyersModel","message":{"Status Code":200,"API":"/quotes"},"timestamp":"2026-04-01 20:19:41,379-0400","service":"FyersAPIRequest"}
{"level":"DEBUG","location":"[get_call:159] fyersModel","message":{"Status Code":200,"API":"/quotes"},"timestamp":"2026-04-01 20:19:54,398-0400","service":"FyersAPIRequest"}
{"level":"DEBUG","location":"[get_call:159] fyersModel","message":{"Status Code":200,"API":"/quotes"},"timestamp":"2026-04-01 20:23:25,574-0400","service":"FyersAPIRequest"}
{"level":"DEBUG","location":"[get_call:159] fyersModel","message":{"Status Code":200,"API":"/quotes"},"timestamp":"2026-04-01 20:23:26,126-0400","service":"FyersAPIRequest"}
{"level":"DEBUG","location":"[get_call:159] fyersModel","message":{"Status Code":200,"API":"/funds"},"timestamp":"2026-04-01 20:23:26,192-0400","service":"FyersAPIRequest"}
{"level":"DEBUG","location":"[get_call:159] fyersModel","message":{"Status Code":200,"API":"/positions"},"timestamp":"2026-04-01 20:23:26,640-0400","service":"FyersAPIRequest"}
{"level":"DEBUG","location":"[get_call:159] fyersModel","message":{"Status Code":200,"API":"/quotes"},"timestamp":"2026-04-01 20:23:41,397-0400","service":"FyersAPIRequest"}
{"level":"DEBUG","location":"[get_call:159] fyersModel","message":{"Status Code":200,"API":"/history"},"timestamp":"2026-04-01 20:23:42,473-0400","service":"FyersAPIRequest"}
{"level":"DEBUG","location":"[get_call:159] fyersModel","message":{"Status Code":200,"API":"/quotes"},"timestamp":"2026-04-01 20:23:56,106-0400","service":"FyersAPIRequest"}
{"level":"DEBUG","location":"[get_call:159] fyersModel","message":{"Status Code":200,"API":"/quotes"},"timestamp":"2026-04-01 20:24:12,951-0400","service":"FyersAPIRequest"}
{"level":"DEBUG","location":"[get_call:159] fyersModel","message":{"Status Code":200,"API":"/history"},"timestamp":"2026-04-01 20:24:13,204-0400","service":"FyersAPIRequest"}
{"level":"DEBUG","location":"[get_call:159] fyersModel","message":{"Status Code":200,"API":"/history"},"timestamp":"2026-04-01 20:24:13,471-0400","service":"FyersAPIRequest"}
{"level":"DEBUG","location":"[get_call:159] fyersModel","message":{"Status Code":200,"API":"/history"},"timestamp":"2026-04-01 20:24:13,737-0400","service":"FyersAPIRequest"}
{"level":"DEBUG","location":"[get_call:159] fyersModel","message":{"Status Code":200,"API":"/history"},"timestamp":"2026-04-01 20:24:14,436-0400","service":"FyersAPIRequest"}
{"level":"DEBUG","location":"[get_call:159] fyersModel","message":{"Status Code":200,"API":"/history"},"timestamp":"2026-04-01 20:24:14,703-0400","service":"FyersAPIRequest"}
{"level":"DEBUG","location":"[get_call:159] fyersModel","message":{"Status Code":200,"API":"/quotes"},"timestamp":"2026-04-01 20:24:25,681-0400","service":"FyersAPIRequest"}
{"level":"DEBUG","location":"[get_call:159] fyersModel","message":{"Status Code":401,"API":"/quotes"},"timestamp":"2026-04-04 09:29:50,821-0400","service":"FyersAPIRequest"}
{"level":"DEBUG","location":"[get_call:159] fyersModel","message":{"Status Code":401,"API":"/funds"},"timestamp":"2026-04-04 09:29:51,003-0400","service":"FyersAPIRequest"}
{"level":"DEBUG","location":"[get_call:159] fyersModel","message":{"Status Code":401,"API":"/positions"},"timestamp":"2026-04-04 09:29:51,438-0400","service":"FyersAPIRequest"}
{"level":"DEBUG","location":"[get_call:159] fyersModel","message":{"Status Code":401,"API":"/quotes"},"timestamp":"2026-04-04 09:33:19,351-0400","service":"FyersAPIRequest"}
{"level":"DEBUG","location":"[get_call:159] fyersModel","message":{"Status Code":401,"API":"/funds"},"timestamp":"2026-04-04 09:33:19,472-0400","service":"FyersAPIRequest"}
{"level":"DEBUG","location":"[get_call:159] fyersModel","message":{"Status Code":401,"API":"/positions"},"timestamp":"2026-04-04 09:33:19,750-0400","service":"FyersAPIRequest"}
{"level":"DEBUG","location":"[get_call:159] fyersModel","message":{"Status Code":401,"API":"/quotes"},"timestamp":"2026-04-04 09:33:31,705-0400","service":"FyersAPIRequest"}
{"level":"DEBUG","location":"[get_call:159] fyersModel","message":{"Status Code":401,"API":"/funds"},"timestamp":"2026-04-04 09:33:32,083-0400","service":"FyersAPIRequest"}
{"level":"DEBUG","location":"[get_call:159] fyersModel","message":{"Status Code":401,"API":"/positions"},"timestamp":"2026-04-04 09:33:32,116-0400","service":"FyersAPIRequest"}
{"level":"DEBUG","location":"[get_call:159] fyersModel","message":{"Status Code":401,"API":"/quotes"},"timestamp":"2026-04-04 09:33:37,116-0400","service":"FyersAPIRequest"}
{"level":"DEBUG","location":"[get_call:159] fyersModel","message":{"Status Code":401,"API":"/funds"},"timestamp":"2026-04-04 09:34:06,930-0400","service":"FyersAPIRequest"}
{"level":"DEBUG","location":"[get_call:159] fyersModel","message":{"Status Code":401,"API":"/positions"},"timestamp":"2026-04-04 09:34:07,082-0400","service":"FyersAPIRequest"}
{"level":"DEBUG","location":"[get_call:159] fyersModel","message":{"Status Code":401,"API":"/quotes"},"timestamp":"2026-04-04 09:34:07,363-0400","service":"FyersAPIRequest"}
{"level":"DEBUG","location":"[get_call:159] fyersModel","message":{"Status Code":401,"API":"/funds"},"timestamp":"2026-04-04 09:34:39,394-0400","service":"FyersAPIRequest"}
{"level":"DEBUG","location":"[get_call:159] fyersModel","message":{"Status Code":401,"API":"/quotes"},"timestamp":"2026-04-04 09:34:39,410-0400","service":"FyersAPIRequest"}
{"level":"DEBUG","location":"[get_call:159] fyersModel","message":{"Status Code":401,"API":"/positions"},"timestamp":"2026-04-04 09:34:39,443-0400","service":"FyersAPIRequest"}
{"level":"DEBUG","location":"[get_call:159] fyersModel","message":{"Status Code":401,"API":"/quotes"},"timestamp":"2026-04-04 09:35:09,857-0400","service":"FyersAPIRequest"}
{"level":"DEBUG","location":"[get_call:159] fyersModel","message":{"Status Code":401,"API":"/quotes"},"timestamp":"2026-04-04 09:35:39,382-0400","service":"FyersAPIRequest"}
{"level":"DEBUG","location":"[get_call:159] fyersModel","message":{"Status Code":401,"API":"/quotes"},"timestamp":"2026-04-04 09:36:09,712-0400","service":"FyersAPIRequest"}
{"level":"DEBUG","location":"[get_call:159] fyersModel","message":{"Status Code":401,"API":"/quotes"},"timestamp":"2026-04-04 09:36:39,382-0400","service":"FyersAPIRequest"}
{"level":"DEBUG","location":"[get_call:159] fyersModel","message":{"Status Code":401,"API":"/quotes"},"timestamp":"2026-04-04 09:37:09,695-0400","service":"FyersAPIRequest"}
{"level":"DEBUG","location":"[get_call:159] fyersModel","message":{"Status Code":401,"API":"/quotes"},"timestamp":"2026-04-04 09:37:39,709-0400","service":"FyersAPIRequest"}
{"level":"DEBUG","location":"[get_call:159] fyersModel","message":{"Status Code":401,"API":"/quotes"},"timestamp":"2026-04-04 09:38:39,006-0400","service":"FyersAPIRequest"}
{"level":"DEBUG","location":"[get_call:159] fyersModel","message":{"Status Code":401,"API":"/positions"},"timestamp":"2026-04-04 09:38:45,419-0400","service":"FyersAPIRequest"}
{"level":"DEBUG","location":"[get_call:159] fyersModel","message":{"Status Code":401,"API":"/quotes"},"timestamp":"2026-04-04 09:38:45,602-0400","service":"FyersAPIRequest"}
{"level":"DEBUG","location":"[get_call:159] fyersModel","message":{"Status Code":401,"API":"/funds"},"timestamp":"2026-04-04 09:38:45,801-0400","service":"FyersAPIRequest"}
{"level":"DEBUG","location":"[get_call:159] fyersModel","message":{"Status Code":401,"API":"/quotes"},"timestamp":"2026-04-04 09:39:15,202-0400","service":"FyersAPIRequest"}
{"level":"DEBUG","location":"[get_call:159] fyersModel","message":{"Status Code":401,"API":"/quotes"},"timestamp":"2026-04-04 09:39:45,646-0400","service":"FyersAPIRequest"}
{"level":"DEBUG","location":"[get_call:159] fyersModel","message":{"Status Code":401,"API":"/quotes"},"timestamp":"2026-04-04 09:40:16,591-0400","service":"FyersAPIRequest"}
{"level":"DEBUG","location":"[get_call:159] fyersModel","message":{"Status Code":401,"API":"/quotes"},"timestamp":"2026-04-04 09:40:46,120-0400","service":"FyersAPIRequest"}
{"level":"DEBUG","location":"[get_call:159] fyersModel","message":{"Status Code":401,"API":"/quotes"},"timestamp":"2026-04-04 11:00:21,400-0400","service":"FyersAPIRequest"}
{"level":"DEBUG","location":"[get_call:159] fyersModel","message":{"Status Code":401,"API":"/funds"},"timestamp":"2026-04-04 11:00:21,714-0400","service":"FyersAPIRequest"}
{"level":"DEBUG","location":"[get_call:159] fyersModel","message":{"Status Code":401,"API":"/quotes"},"timestamp":"2026-04-04 11:00:21,994-0400","service":"FyersAPIRequest"}
{"level":"DEBUG","location":"[get_call:159] fyersModel","message":{"Status Code":401,"API":"/positions"},"timestamp":"2026-04-04 11:00:22,380-0400","service":"FyersAPIRequest"}
{"level":"DEBUG","location":"[get_call:159] fyersModel","message":{"Status Code":401,"API":"/funds"},"timestamp":"2026-04-04 11:00:22,444-0400","service":"FyersAPIRequest"}
